ninja_engine_project/app/build/intermediates/manifest_merge_blame_file/debug/manifest-merger-blame-debug-report.txt
1<?xml version="1.0" encoding="utf-8"?>
2<manifest xmlns:android="http://schemas.android.com/apk/res/android"
3    package="com.ninja.engine"
4    platformBuildVersionCode="35"
5    platformBuildVersionName="15"
6    android:compileSdkVersion="35"
7    android:compileSdkVersionCodename="15"
8    android:versionCode="2"
9    android:versionName="1.8.7" >
10
11    <uses-sdk
11-->src\main\AndroidManifest.xml:3:5-73
12        android:minSdkVersion="21"
12-->src\main\AndroidManifest.xml:3:15-41
13        android:targetSdkVersion="34" />
13-->src\main\AndroidManifest.xml:3:42-71
14
15    <uses-permission android:name="android.permission.QUERY_ALL_PACKAGES" />
15-->src\main\AndroidManifest.xml:4:5-76
15-->src\main\AndroidManifest.xml:4:22-74
16    <uses-permission android:name="android.permission.INTERNET" />
16-->src\main\AndroidManifest.xml:5:5-66
16-->src\main\AndroidManifest.xml:5:22-64
17    <uses-permission android:name="android.permission.ACCESS_NETWORK_STATE" />
17-->src\main\AndroidManifest.xml:6:5-78
17-->src\main\AndroidManifest.xml:6:22-76
18    <uses-permission
18-->src\main\AndroidManifest.xml:7:5-107
19        android:name="android.permission.WRITE_EXTERNAL_STORAGE"
19-->src\main\AndroidManifest.xml:7:22-78
20        android:maxSdkVersion="28" />
20-->src\main\AndroidManifest.xml:7:79-105
21    <uses-permission
21-->src\main\AndroidManifest.xml:8:5-106
22        android:name="android.permission.READ_EXTERNAL_STORAGE"
22-->src\main\AndroidManifest.xml:8:22-77
23        android:maxSdkVersion="32" />
23-->src\main\AndroidManifest.xml:8:78-104
24    <uses-permission android:name="android.permission.REQUEST_INSTALL_PACKAGES" />
24-->src\main\AndroidManifest.xml:9:5-82
24-->src\main\AndroidManifest.xml:9:22-80
25    <uses-permission android:name="android.permission.ACCESS_WIFI_STATE" />
25-->src\main\AndroidManifest.xml:10:5-75
25-->src\main\AndroidManifest.xml:10:22-73
26    <uses-permission android:name="android.permission.CHANGE_WIFI_STATE" />
26-->src\main\AndroidManifest.xml:11:5-75
26-->src\main\AndroidManifest.xml:11:22-73
27    <uses-permission android:name="android.permission.CHANGE_NETWORK_STATE" />
27-->src\main\AndroidManifest.xml:12:5-78
27-->src\main\AndroidManifest.xml:12:22-76
28    <uses-permission android:name="android.permission.ACCESS_FINE_LOCATION" />
28-->src\main\AndroidManifest.xml:13:5-78
28-->src\main\AndroidManifest.xml:13:22-76
29    <uses-permission android:name="android.permission.ACCESS_COARSE_LOCATION" />
29-->src\main\AndroidManifest.xml:14:5-80
29-->src\main\AndroidManifest.xml:14:22-78
30    <uses-permission android:name="android.permission.ACCESS_BACKGROUND_LOCATION" />
30-->src\main\AndroidManifest.xml:15:5-84
30-->src\main\AndroidManifest.xml:15:22-82
31    <uses-permission android:name="android.permission.ACCESS_LOCATION_EXTRA_COMMANDS" />
31-->src\main\AndroidManifest.xml:16:5-88
31-->src\main\AndroidManifest.xml:16:22-86
32    <uses-permission android:name="android.permission.MANAGE_EXTERNAL_STORAGE" />
32-->src\main\AndroidManifest.xml:17:5-81
32-->src\main\AndroidManifest.xml:17:22-79
33    <uses-permission android:name="android.permission.READ_MEDIA_IMAGES" />
33-->src\main\AndroidManifest.xml:18:5-75
33-->src\main\AndroidManifest.xml:18:22-73
34    <uses-permission android:name="android.permission.READ_MEDIA_VIDEO" />
34-->src\main\AndroidManifest.xml:19:5-74
34-->src\main\AndroidManifest.xml:19:22-72
35    <uses-permission android:name="android.permission.READ_MEDIA_AUDIO" />
35-->src\main\AndroidManifest.xml:20:5-74
35-->src\main\AndroidManifest.xml:20:22-72
36    <uses-permission android:name="android.permission.READ_MEDIA_IMAGES_USER_SELECTED" />
36-->src\main\AndroidManifest.xml:21:5-89
36-->src\main\AndroidManifest.xml:21:22-87
37    <uses-permission android:name="android.permission.READ_MEDIA_VIDEO_USER_SELECTED" />
37-->src\main\AndroidManifest.xml:22:5-88
37-->src\main\AndroidManifest.xml:22:22-86
38    <uses-permission android:name="android.permission.READ_MEDIA_AUDIO_USER_SELECTED" />
38-->src\main\AndroidManifest.xml:23:5-88
38-->src\main\AndroidManifest.xml:23:22-86
39    <uses-permission android:name="android.permission.ACCESS_MEDIA_LOCATION" />
39-->src\main\AndroidManifest.xml:24:5-79
39-->src\main\AndroidManifest.xml:24:22-77
40    <uses-permission android:name="android.permission.FOREGROUND_SERVICE" />
40-->src\main\AndroidManifest.xml:25:5-76
40-->src\main\AndroidManifest.xml:25:22-74
41    <uses-permission android:name="android.permission.FOREGROUND_SERVICE_LOCATION" />
41-->src\main\AndroidManifest.xml:26:5-85
41-->src\main\AndroidManifest.xml:26:22-83
42    <uses-permission android:name="android.permission.FOREGROUND_SERVICE_MICROPHONE" />
42-->src\main\AndroidManifest.xml:27:5-87
42-->src\main\AndroidManifest.xml:27:22-85
43    <uses-permission android:name="android.permission.FOREGROUND_SERVICE_CAMERA" />
43-->src\main\AndroidManifest.xml:28:5-83
43-->src\main\AndroidManifest.xml:28:22-81
44    <uses-permission android:name="android.permission.FOREGROUND_SERVICE_DATA_SYNC" />
44-->src\main\AndroidManifest.xml:29:5-86
44-->src\main\AndroidManifest.xml:29:22-84
45    <uses-permission android:name="android.permission.FOREGROUND_SERVICE_SPECIAL_USE" />
45-->src\main\AndroidManifest.xml:30:5-88
45-->src\main\AndroidManifest.xml:30:22-86
46    <uses-permission android:name="android.permission.WAKE_LOCK" />
46-->src\main\AndroidManifest.xml:31:5-67
46-->src\main\AndroidManifest.xml:31:22-65
47    <uses-permission android:name="android.permission.SYSTEM_ALERT_WINDOW" />
47-->src\main\AndroidManifest.xml:32:5-77
47-->src\main\AndroidManifest.xml:32:22-75
48    <uses-permission android:name="android.permission.CAMERA" />
48-->src\main\AndroidManifest.xml:33:5-64
48-->src\main\AndroidManifest.xml:33:22-62
49    <uses-permission android:name="android.permission.RECORD_AUDIO" />
49-->src\main\AndroidManifest.xml:34:5-70
49-->src\main\AndroidManifest.xml:34:22-68
50    <uses-permission android:name="android.permission.MODIFY_AUDIO_SETTINGS" />
50-->src\main\AndroidManifest.xml:35:5-79
50-->src\main\AndroidManifest.xml:35:22-77
51
52    <uses-feature android:name="android.hardware.camera" />
52-->src\main\AndroidManifest.xml:36:5-59
52-->src\main\AndroidManifest.xml:36:19-57
53    <uses-feature
53-->src\main\AndroidManifest.xml:37:5-94
54        android:name="android.hardware.camera.autofocus"
54-->src\main\AndroidManifest.xml:37:19-67
55        android:required="false" />
55-->src\main\AndroidManifest.xml:37:68-92
56
57    <uses-permission android:name="android.permission.BLUETOOTH" />
57-->src\main\AndroidManifest.xml:38:5-67
57-->src\main\AndroidManifest.xml:38:22-65
58    <uses-permission android:name="android.permission.BLUETOOTH_ADMIN" />
58-->src\main\AndroidManifest.xml:39:5-73
58-->src\main\AndroidManifest.xml:39:22-71
59    <uses-permission android:name="android.permission.BLUETOOTH_SCAN" />
59-->src\main\AndroidManifest.xml:40:5-72
59-->src\main\AndroidManifest.xml:40:22-70
60    <uses-permission android:name="android.permission.BLUETOOTH_CONNECT" />
60-->src\main\AndroidManifest.xml:41:5-75
60-->src\main\AndroidManifest.xml:41:22-73
61    <uses-permission android:name="android.permission.NFC" />
61-->src\main\AndroidManifest.xml:42:5-61
61-->src\main\AndroidManifest.xml:42:22-59
62
63    <uses-feature
63-->src\main\AndroidManifest.xml:43:5-81
64        android:name="android.hardware.nfc"
64-->src\main\AndroidManifest.xml:43:19-54
65        android:required="false" />
65-->src\main\AndroidManifest.xml:43:55-79
66
67    <uses-permission android:name="android.permission.BODY_SENSORS" />
67-->src\main\AndroidManifest.xml:44:5-70
67-->src\main\AndroidManifest.xml:44:22-68
68    <uses-permission android:name="android.permission.VIBRATE" />
68-->src\main\AndroidManifest.xml:45:5-65
68-->src\main\AndroidManifest.xml:45:22-63
69    <uses-permission android:name="android.permission.POST_NOTIFICATIONS" />
69-->src\main\AndroidManifest.xml:46:5-76
69-->src\main\AndroidManifest.xml:46:22-74
70    <uses-permission android:name="android.permission.READ_PHONE_STATE" />
70-->src\main\AndroidManifest.xml:47:5-74
70-->src\main\AndroidManifest.xml:47:22-72
71    <uses-permission android:name="android.permission.GET_ACCOUNTS" />
71-->src\main\AndroidManifest.xml:48:5-70
71-->src\main\AndroidManifest.xml:48:22-68
72    <uses-permission android:name="android.permission.MANAGE_ACCOUNTS" />
72-->src\main\AndroidManifest.xml:49:5-73
72-->src\main\AndroidManifest.xml:49:22-71
73    <uses-permission android:name="android.permission.ACTIVITY_RECOGNITION" />
73-->src\main\AndroidManifest.xml:50:5-78
73-->src\main\AndroidManifest.xml:50:22-76
74    <uses-permission android:name="android.permission.READ_INSTALL_SESSIONS" />
74-->src\main\AndroidManifest.xml:51:5-79
74-->src\main\AndroidManifest.xml:51:22-77
75    <uses-permission android:name="android.permission.GET_TASKS" />
75-->src\main\AndroidManifest.xml:52:5-67
75-->src\main\AndroidManifest.xml:52:22-65
76    <uses-permission android:name="android.permission.KILL_BACKGROUND_PROCESSES" />
76-->src\main\AndroidManifest.xml:53:5-83
76-->src\main\AndroidManifest.xml:53:22-81
77    <uses-permission android:name="android.permission.REORDER_TASKS" />
77-->src\main\AndroidManifest.xml:54:5-71
77-->src\main\AndroidManifest.xml:54:22-69
78    <uses-permission android:name="android.permission.GET_PACKAGE_SIZE" />
78-->src\main\AndroidManifest.xml:55:5-74
78-->src\main\AndroidManifest.xml:55:22-72
79    <uses-permission android:name="android.permission.CHANGE_CONFIGURATION" />
79-->src\main\AndroidManifest.xml:56:5-78
79-->src\main\AndroidManifest.xml:56:22-76
80    <uses-permission android:name="android.permission.WRITE_SETTINGS" />
80-->src\main\AndroidManifest.xml:57:5-72
80-->src\main\AndroidManifest.xml:57:22-70
81    <uses-permission android:name="android.permission.GET_INTENT_SENDER_INTENT" />
81-->src\main\AndroidManifest.xml:58:5-82
81-->src\main\AndroidManifest.xml:58:22-80
82    <uses-permission android:name="android.permission.UPDATE_APP_OPS_STATS" />
82-->src\main\AndroidManifest.xml:59:5-78
82-->src\main\AndroidManifest.xml:59:22-76
83    <uses-permission android:name="android.permission.INTERACT_ACROSS_USERS" />
83-->src\main\AndroidManifest.xml:60:5-79
83-->src\main\AndroidManifest.xml:60:22-77
84    <uses-permission android:name="android.permission.ACCOUNT_MANAGER" />
84-->src\main\AndroidManifest.xml:61:5-73
84-->src\main\AndroidManifest.xml:61:22-71
85    <uses-permission android:name="android.permission.PACKAGE_USAGE_STATS" />
85-->src\main\AndroidManifest.xml:62:5-77
85-->src\main\AndroidManifest.xml:62:22-75
86    <uses-permission android:name="android.permission.CLEAR_APP_USER_DATA" />
86-->src\main\AndroidManifest.xml:63:5-77
86-->src\main\AndroidManifest.xml:63:22-75
87    <uses-permission android:name="android.permission.READ_DEVICE_CONFIG" />
87-->src\main\AndroidManifest.xml:64:5-76
87-->src\main\AndroidManifest.xml:64:22-74
88
89    <permission
89-->src\main\AndroidManifest.xml:65:5-127
90        android:name="com.ninja.engine.DYNAMIC_RECEIVER_NOT_EXPORTED_PERMISSION"
90-->src\main\AndroidManifest.xml:65:17-89
91        android:protectionLevel="signature" />
91-->src\main\AndroidManifest.xml:65:90-125
92
93    <uses-permission android:name="com.ninja.engine.DYNAMIC_RECEIVER_NOT_EXPORTED_PERMISSION" />
93-->src\main\AndroidManifest.xml:66:5-96
93-->src\main\AndroidManifest.xml:66:22-94
94
95    <application
95-->src\main\AndroidManifest.xml:67:5-430:19
96        android:name="com.ninja.engine.app.App"
96-->src\main\AndroidManifest.xml:67:122-161
97        android:allowBackup="true"
97-->src\main\AndroidManifest.xml:67:162-188
98        android:appComponentFactory="androidx.core.app.CoreComponentFactory"
98-->src\main\AndroidManifest.xml:67:349-417
99        android:debuggable="true"
100        android:enableOnBackInvokedCallback="true"
100-->src\main\AndroidManifest.xml:67:418-460
101        android:extractNativeLibs="true"
101-->src\main\AndroidManifest.xml:67:216-248
102        android:icon="@drawable/app_logo"
102-->src\main\AndroidManifest.xml:67:88-121
103        android:label="@string/app_name"
103-->src\main\AndroidManifest.xml:67:55-87
104        android:networkSecurityConfig="@xml/network_security_config"
104-->src\main\AndroidManifest.xml:67:249-309
105        android:roundIcon="@drawable/app_logo"
105-->src\main\AndroidManifest.xml:67:310-348
106        android:supportsRtl="true"
106-->src\main\AndroidManifest.xml:67:189-215
107        android:theme="@style/Theme.AppMain" >
107-->src\main\AndroidManifest.xml:67:18-54
108        <activity
108-->src\main\AndroidManifest.xml:68:9-73:20
109            android:name="com.ninja.engine.view.main.WelcomeActivity"
109-->src\main\AndroidManifest.xml:68:55-112
110            android:exported="true"
110-->src\main\AndroidManifest.xml:68:113-136
111            android:launchMode="singleTop"
111-->src\main\AndroidManifest.xml:68:137-167
112            android:theme="@style/WelcomeTheme" >
112-->src\main\AndroidManifest.xml:68:19-54
113            <intent-filter>
113-->src\main\AndroidManifest.xml:69:13-72:29
114                <action android:name="android.intent.action.MAIN" />
114-->src\main\AndroidManifest.xml:70:17-68
114-->src\main\AndroidManifest.xml:70:25-66
115
116                <category android:name="android.intent.category.LAUNCHER" />
116-->src\main\AndroidManifest.xml:71:17-76
116-->src\main\AndroidManifest.xml:71:27-74
117            </intent-filter>
118        </activity>
119        <activity
119-->src\main\AndroidManifest.xml:74:9-78:20
120            android:name="com.ninja.engine.view.main.MainActivity"
120-->src\main\AndroidManifest.xml:74:19-73
121            android:exported="true" >
121-->src\main\AndroidManifest.xml:74:74-97
122            <intent-filter>
122-->src\main\AndroidManifest.xml:75:13-77:29
123                <action android:name="android.intent.action.MAIN" />
123-->src\main\AndroidManifest.xml:70:17-68
123-->src\main\AndroidManifest.xml:70:25-66
124            </intent-filter>
125        </activity>
126        <activity
126-->src\main\AndroidManifest.xml:79:9-245
127            android:name="com.ninja.engine.view.update.UpdateRequiredActivity"
127-->src\main\AndroidManifest.xml:79:60-126
128            android:excludeFromRecents="true"
128-->src\main\AndroidManifest.xml:79:210-243
129            android:exported="false"
129-->src\main\AndroidManifest.xml:79:127-151
130            android:finishOnTaskLaunch="true"
130-->src\main\AndroidManifest.xml:79:176-209
131            android:process=":safe"
131-->src\main\AndroidManifest.xml:79:152-175
132            android:theme="@style/UpdateDialogTheme" />
132-->src\main\AndroidManifest.xml:79:19-59
133
134        <provider
134-->src\main\AndroidManifest.xml:80:9-82:20
135            android:name="androidx.core.content.FileProvider"
135-->src\main\AndroidManifest.xml:80:19-68
136            android:authorities="com.ninja.engine.provider"
136-->src\main\AndroidManifest.xml:80:94-141
137            android:exported="false"
137-->src\main\AndroidManifest.xml:80:69-93
138            android:grantUriPermissions="true" >
138-->src\main\AndroidManifest.xml:80:142-176
139            <meta-data
139-->src\main\AndroidManifest.xml:81:13-111
140                android:name="android.support.FILE_PROVIDER_PATHS"
140-->src\main\AndroidManifest.xml:81:24-74
141                android:resource="@xml/file_paths" />
141-->src\main\AndroidManifest.xml:81:75-109
142        </provider>
143        <provider
143-->src\main\AndroidManifest.xml:83:9-221
144            android:name="com.app.framework.core.system.SystemCallProvider"
144-->src\main\AndroidManifest.xml:83:19-82
145            android:authorities="com.ninja.engine.base.SystemCallProvider"
145-->src\main\AndroidManifest.xml:83:157-219
146            android:exported="false"
146-->src\main\AndroidManifest.xml:83:83-107
147            android:process="@string/black_box_service_name" />
147-->src\main\AndroidManifest.xml:83:108-156
148        <provider
148-->src\main\AndroidManifest.xml:84:9-86:20
149            android:name="com.app.framework.fake.provider.FileProvider"
149-->src\main\AndroidManifest.xml:84:19-78
150            android:authorities="com.ninja.engine.base.FileProvider"
150-->src\main\AndroidManifest.xml:84:104-160
151            android:exported="false"
151-->src\main\AndroidManifest.xml:84:79-103
152            android:grantUriPermissions="true" >
152-->src\main\AndroidManifest.xml:84:161-195
153            <meta-data
153-->src\main\AndroidManifest.xml:81:13-111
154                android:name="android.support.FILE_PROVIDER_PATHS"
154-->src\main\AndroidManifest.xml:81:24-74
155                android:resource="@xml/filepath" />
155-->src\main\AndroidManifest.xml:81:75-109
156        </provider>
157
158        <receiver
158-->src\main\AndroidManifest.xml:87:9-91:20
159            android:name="com.app.framework.proxy.ProxyBroadcastReceiver"
159-->src\main\AndroidManifest.xml:87:19-80
160            android:enabled="true"
160-->src\main\AndroidManifest.xml:87:81-103
161            android:exported="true"
161-->src\main\AndroidManifest.xml:87:104-127
162            android:process="@string/black_box_service_name" >
162-->src\main\AndroidManifest.xml:87:128-176
163            <intent-filter>
163-->src\main\AndroidManifest.xml:88:13-90:29
164                <action android:name="com.ninja.engine.stub_receiver" />
164-->src\main\AndroidManifest.xml:89:17-72
164-->src\main\AndroidManifest.xml:89:25-70
165            </intent-filter>
166        </receiver>
167
168        <service
168-->src\main\AndroidManifest.xml:92:9-185
169            android:name="com.app.framework.core.system.DaemonService"
169-->src\main\AndroidManifest.xml:92:18-76
170            android:exported="false"
170-->src\main\AndroidManifest.xml:92:77-101
171            android:foregroundServiceType=""
171-->src\main\AndroidManifest.xml:92:151-183
172            android:process="@string/black_box_service_name" />
172-->src\main\AndroidManifest.xml:92:102-150
173        <service
173-->src\main\AndroidManifest.xml:93:9-204
174            android:name="com.app.framework.core.system.DaemonService.DaemonInnerService"
174-->src\main\AndroidManifest.xml:93:18-95
175            android:exported="false"
175-->src\main\AndroidManifest.xml:93:96-120
176            android:foregroundServiceType=""
176-->src\main\AndroidManifest.xml:93:170-202
177            android:process="@string/black_box_service_name" />
177-->src\main\AndroidManifest.xml:93:121-169
178
179        <activity
179-->src\main\AndroidManifest.xml:94:9-145
180            android:name="com.app.framework.app.LauncherActivity"
180-->src\main\AndroidManifest.xml:94:56-109
181            android:excludeFromRecents="true"
181-->src\main\AndroidManifest.xml:94:110-143
182            android:theme="@style/LauncherTheme" />
182-->src\main\AndroidManifest.xml:94:19-55
183        <activity
183-->src\main\AndroidManifest.xml:95:9-108:20
184            android:name="com.app.framework.app.FacebookRedirectActivity"
184-->src\main\AndroidManifest.xml:95:79-140
185            android:excludeFromRecents="true"
185-->src\main\AndroidManifest.xml:95:187-220
186            android:exported="true"
186-->src\main\AndroidManifest.xml:95:141-164
187            android:noHistory="true"
187-->src\main\AndroidManifest.xml:95:221-245
188            android:process=":p0"
188-->src\main\AndroidManifest.xml:95:165-186
189            android:theme="@android:style/Theme.Translucent.NoTitleBar" >
189-->src\main\AndroidManifest.xml:95:19-78
190            <intent-filter>
190-->src\main\AndroidManifest.xml:96:13-101:29
191                <action android:name="android.intent.action.VIEW" />
191-->src\main\AndroidManifest.xml:97:17-68
191-->src\main\AndroidManifest.xml:97:25-66
192
193                <category android:name="android.intent.category.DEFAULT" />
193-->src\main\AndroidManifest.xml:98:17-75
193-->src\main\AndroidManifest.xml:98:27-73
194                <category android:name="android.intent.category.BROWSABLE" />
194-->src\main\AndroidManifest.xml:99:17-77
194-->src\main\AndroidManifest.xml:99:27-75
195
196                <data android:scheme="fb165073083517174" />
196-->src\main\AndroidManifest.xml:100:17-59
196-->src\main\AndroidManifest.xml:100:23-57
197            </intent-filter>
198            <intent-filter>
198-->src\main\AndroidManifest.xml:102:13-107:29
199                <action android:name="android.intent.action.VIEW" />
199-->src\main\AndroidManifest.xml:97:17-68
199-->src\main\AndroidManifest.xml:97:25-66
200
201                <category android:name="android.intent.category.DEFAULT" />
201-->src\main\AndroidManifest.xml:98:17-75
201-->src\main\AndroidManifest.xml:98:27-73
202                <category android:name="android.intent.category.BROWSABLE" />
202-->src\main\AndroidManifest.xml:99:17-77
202-->src\main\AndroidManifest.xml:99:27-75
203
204                <data
204-->src\main\AndroidManifest.xml:100:17-59
205                    android:host="cct.com.miniclip.eightballpool"
205-->src\main\AndroidManifest.xml:106:50-95
206                    android:scheme="fbconnect" />
206-->src\main\AndroidManifest.xml:100:23-57
207            </intent-filter>
208        </activity>
209        <activity
209-->src\main\AndroidManifest.xml:109:9-252
210            android:name="com.app.framework.app.FacebookWebViewActivity"
210-->src\main\AndroidManifest.xml:109:67-127
211            android:configChanges="screenSize|orientation|keyboardHidden|keyboard"
211-->src\main\AndroidManifest.xml:109:180-250
212            android:exported="false"
212-->src\main\AndroidManifest.xml:109:128-152
213            android:process=":webview"
213-->src\main\AndroidManifest.xml:109:153-179
214            android:theme="@android:style/Theme.NoTitleBar" />
214-->src\main\AndroidManifest.xml:109:19-66
215        <activity
215-->src\main\AndroidManifest.xml:110:9-229
216            android:name="com.app.framework.app.GoogleSignInWebViewActivity"
216-->src\main\AndroidManifest.xml:110:67-131
217            android:configChanges="screenSize|orientation|keyboardHidden|keyboard"
217-->src\main\AndroidManifest.xml:110:157-227
218            android:exported="false"
218-->src\main\AndroidManifest.xml:110:132-156
219            android:theme="@android:style/Theme.NoTitleBar" />
219-->src\main\AndroidManifest.xml:110:19-66
220        <activity
220-->src\main\AndroidManifest.xml:111:9-464
221            android:name="com.app.framework.proxy.ProxyActivity.P0"
221-->src\main\AndroidManifest.xml:111:49-104
222            android:configChanges="fontScale|layoutDirection|density|smallestScreenSize|screenSize|uiMode|screenLayout|orientation|navigation|keyboardHidden|keyboard|touchscreen|locale|mnc|mcc"
222-->src\main\AndroidManifest.xml:111:206-387
223            android:exported="true"
223-->src\main\AndroidManifest.xml:111:105-128
224            android:hardwareAccelerated="true"
224-->src\main\AndroidManifest.xml:111:388-422
225            android:process=":p0"
225-->src\main\AndroidManifest.xml:111:129-150
226            android:supportsPictureInPicture="true"
226-->src\main\AndroidManifest.xml:111:423-462
227            android:taskAffinity="com.app.framework.task_affinity"
227-->src\main\AndroidManifest.xml:111:151-205
228            android:theme="@style/BTheme" />
228-->src\main\AndroidManifest.xml:111:19-48
229        <activity
229-->src\main\AndroidManifest.xml:112:9-464
230            android:name="com.app.framework.proxy.ProxyActivity.P1"
230-->src\main\AndroidManifest.xml:112:49-104
231            android:configChanges="fontScale|layoutDirection|density|smallestScreenSize|screenSize|uiMode|screenLayout|orientation|navigation|keyboardHidden|keyboard|touchscreen|locale|mnc|mcc"
231-->src\main\AndroidManifest.xml:112:206-387
232            android:exported="true"
232-->src\main\AndroidManifest.xml:112:105-128
233            android:hardwareAccelerated="true"
233-->src\main\AndroidManifest.xml:112:388-422
234            android:process=":p1"
234-->src\main\AndroidManifest.xml:112:129-150
235            android:supportsPictureInPicture="true"
235-->src\main\AndroidManifest.xml:112:423-462
236            android:taskAffinity="com.app.framework.task_affinity"
236-->src\main\AndroidManifest.xml:112:151-205
237            android:theme="@style/BTheme" />
237-->src\main\AndroidManifest.xml:112:19-48
238        <activity
238-->src\main\AndroidManifest.xml:113:9-464
239            android:name="com.app.framework.proxy.ProxyActivity.P2"
239-->src\main\AndroidManifest.xml:113:49-104
240            android:configChanges="fontScale|layoutDirection|density|smallestScreenSize|screenSize|uiMode|screenLayout|orientation|navigation|keyboardHidden|keyboard|touchscreen|locale|mnc|mcc"
240-->src\main\AndroidManifest.xml:113:206-387
241            android:exported="true"
241-->src\main\AndroidManifest.xml:113:105-128
242            android:hardwareAccelerated="true"
242-->src\main\AndroidManifest.xml:113:388-422
243            android:process=":p2"
243-->src\main\AndroidManifest.xml:113:129-150
244            android:supportsPictureInPicture="true"
244-->src\main\AndroidManifest.xml:113:423-462
245            android:taskAffinity="com.app.framework.task_affinity"
245-->src\main\AndroidManifest.xml:113:151-205
246            android:theme="@style/BTheme" />
246-->src\main\AndroidManifest.xml:113:19-48
247        <activity
247-->src\main\AndroidManifest.xml:114:9-464
248            android:name="com.app.framework.proxy.ProxyActivity.P3"
248-->src\main\AndroidManifest.xml:114:49-104
249            android:configChanges="fontScale|layoutDirection|density|smallestScreenSize|screenSize|uiMode|screenLayout|orientation|navigation|keyboardHidden|keyboard|touchscreen|locale|mnc|mcc"
249-->src\main\AndroidManifest.xml:114:206-387
250            android:exported="true"
250-->src\main\AndroidManifest.xml:114:105-128
251            android:hardwareAccelerated="true"
251-->src\main\AndroidManifest.xml:114:388-422
252            android:process=":p3"
252-->src\main\AndroidManifest.xml:114:129-150
253            android:supportsPictureInPicture="true"
253-->src\main\AndroidManifest.xml:114:423-462
254            android:taskAffinity="com.app.framework.task_affinity"
254-->src\main\AndroidManifest.xml:114:151-205
255            android:theme="@style/BTheme" />
255-->src\main\AndroidManifest.xml:114:19-48
256        <activity
256-->src\main\AndroidManifest.xml:115:9-464
257            android:name="com.app.framework.proxy.ProxyActivity.P4"
257-->src\main\AndroidManifest.xml:115:49-104
258            android:configChanges="fontScale|layoutDirection|density|smallestScreenSize|screenSize|uiMode|screenLayout|orientation|navigation|keyboardHidden|keyboard|touchscreen|locale|mnc|mcc"
258-->src\main\AndroidManifest.xml:115:206-387
259            android:exported="true"
259-->src\main\AndroidManifest.xml:115:105-128
260            android:hardwareAccelerated="true"
260-->src\main\AndroidManifest.xml:115:388-422
261            android:process=":p4"
261-->src\main\AndroidManifest.xml:115:129-150
262            android:supportsPictureInPicture="true"
262-->src\main\AndroidManifest.xml:115:423-462
263            android:taskAffinity="com.app.framework.task_affinity"
263-->src\main\AndroidManifest.xml:115:151-205
264            android:theme="@style/BTheme" />
264-->src\main\AndroidManifest.xml:115:19-48
265        <activity
265-->src\main\AndroidManifest.xml:116:9-464
266            android:name="com.app.framework.proxy.ProxyActivity.P5"
266-->src\main\AndroidManifest.xml:116:49-104
267            android:configChanges="fontScale|layoutDirection|density|smallestScreenSize|screenSize|uiMode|screenLayout|orientation|navigation|keyboardHidden|keyboard|touchscreen|locale|mnc|mcc"
267-->src\main\AndroidManifest.xml:116:206-387
268            android:exported="true"
268-->src\main\AndroidManifest.xml:116:105-128
269            android:hardwareAccelerated="true"
269-->src\main\AndroidManifest.xml:116:388-422
270            android:process=":p5"
270-->src\main\AndroidManifest.xml:116:129-150
271            android:supportsPictureInPicture="true"
271-->src\main\AndroidManifest.xml:116:423-462
272            android:taskAffinity="com.app.framework.task_affinity"
272-->src\main\AndroidManifest.xml:116:151-205
273            android:theme="@style/BTheme" />
273-->src\main\AndroidManifest.xml:116:19-48
274        <activity
274-->src\main\AndroidManifest.xml:117:9-464
275            android:name="com.app.framework.proxy.ProxyActivity.P6"
275-->src\main\AndroidManifest.xml:117:49-104
276            android:configChanges="fontScale|layoutDirection|density|smallestScreenSize|screenSize|uiMode|screenLayout|orientation|navigation|keyboardHidden|keyboard|touchscreen|locale|mnc|mcc"
276-->src\main\AndroidManifest.xml:117:206-387
277            android:exported="true"
277-->src\main\AndroidManifest.xml:117:105-128
278            android:hardwareAccelerated="true"
278-->src\main\AndroidManifest.xml:117:388-422
279            android:process=":p6"
279-->src\main\AndroidManifest.xml:117:129-150
280            android:supportsPictureInPicture="true"
280-->src\main\AndroidManifest.xml:117:423-462
281            android:taskAffinity="com.app.framework.task_affinity"
281-->src\main\AndroidManifest.xml:117:151-205
282            android:theme="@style/BTheme" />
282-->src\main\AndroidManifest.xml:117:19-48
283        <activity
283-->src\main\AndroidManifest.xml:118:9-464
284            android:name="com.app.framework.proxy.ProxyActivity.P7"
284-->src\main\AndroidManifest.xml:118:49-104
285            android:configChanges="fontScale|layoutDirection|density|smallestScreenSize|screenSize|uiMode|screenLayout|orientation|navigation|keyboardHidden|keyboard|touchscreen|locale|mnc|mcc"
285-->src\main\AndroidManifest.xml:118:206-387
286            android:exported="true"
286-->src\main\AndroidManifest.xml:118:105-128